Apr 11, 2017 4:47:05 PM Log log
INFO: Peer 1002 is connected from Peer 1001

Apr 11, 2017 4:47:07 PM Log log
INFO: Sent bitfield to host 10.0.0.36on port 8001

Apr 11, 2017 4:47:07 PM Log log
INFO: Recieved Bitfield from peer 1001. Bitfield is : [B@7f31245a
Apr 11, 2017 4:47:07 PM Log log
INFO: Recieved UnInteredted Message from peer 1001
Apr 11, 2017 4:47:22 PM Log log
INFO: Peer 1002 is unchoked by  1001

Apr 11, 2017 4:47:22 PM Log log
INFO: Requested Piece Number : 5
Apr 11, 2017 4:47:22 PM Log log
INFO: PIECE : piece to set at - 5
Apr 11, 2017 4:47:22 PM Log log
INFO: PIECE : Self BitField before 0
Apr 11, 2017 4:47:22 PM Log log
INFO: PIECE : Self BitField after 32
Apr 11, 2017 4:47:22 PM Log log
INFO: Peer Peer@45ee12a7 has downloaded the piece 5 from 1001. Now the number of pieces it has is 1.

Apr 11, 2017 4:47:22 PM Log log
INFO: Requested Piece Number : 1
Apr 11, 2017 4:47:22 PM Log log
INFO: PIECE : piece to set at - 1
Apr 11, 2017 4:47:22 PM Log log
INFO: PIECE : Self BitField before 32
Apr 11, 2017 4:47:22 PM Log log
INFO: PIECE : Self BitField after 34
Apr 11, 2017 4:47:22 PM Log log
INFO: Peer Peer@45ee12a7 has downloaded the piece 1 from 1001. Now the number of pieces it has is 2.

Apr 11, 2017 4:47:22 PM Log log
INFO: Requested Piece Number : 0
Apr 11, 2017 4:47:22 PM Log log
INFO: PIECE : piece to set at - 0
Apr 11, 2017 4:47:22 PM Log log
INFO: PIECE : Self BitField before 34
Apr 11, 2017 4:47:22 PM Log log
INFO: PIECE : Self BitField after 35
Apr 11, 2017 4:47:22 PM Log log
INFO: Peer Peer@45ee12a7 has downloaded the piece 0 from 1001. Now the number of pieces it has is 3.

Apr 11, 2017 4:47:22 PM Log log
INFO: Requested Piece Number : 2
Apr 11, 2017 4:47:22 PM Log log
INFO: PIECE : piece to set at - 2
Apr 11, 2017 4:47:22 PM Log log
INFO: PIECE : Self BitField before 35
Apr 11, 2017 4:47:22 PM Log log
INFO: PIECE : Self BitField after 39
Apr 11, 2017 4:47:22 PM Log log
INFO: Peer Peer@45ee12a7 has downloaded the piece 2 from 1001. Now the number of pieces it has is 4.

Apr 11, 2017 4:47:22 PM Log log
INFO: Requested Piece Number : 11
Apr 11, 2017 4:47:22 PM Log log
INFO: PIECE : piece to set at - 11
Apr 11, 2017 4:47:22 PM Log log
INFO: PIECE : Self BitField before 39
Apr 11, 2017 4:47:22 PM Log log
INFO: PIECE : Self BitField after 2087
Apr 11, 2017 4:47:22 PM Log log
INFO: Peer Peer@45ee12a7 has downloaded the piece 11 from 1001. Now the number of pieces it has is 5.

Apr 11, 2017 4:47:22 PM Log log
INFO: Requested Piece Number : 4
Apr 11, 2017 4:47:22 PM Log log
INFO: PIECE : piece to set at - 4
Apr 11, 2017 4:47:22 PM Log log
INFO: PIECE : Self BitField before 2087
Apr 11, 2017 4:47:22 PM Log log
INFO: PIECE : Self BitField after 2103
Apr 11, 2017 4:47:22 PM Log log
INFO: Peer Peer@45ee12a7 has downloaded the piece 4 from 1001. Now the number of pieces it has is 6.

Apr 11, 2017 4:47:22 PM Log log
INFO: Requested Piece Number : 12
Apr 11, 2017 4:47:23 PM Log log
INFO: PIECE : piece to set at - 12
Apr 11, 2017 4:47:23 PM Log log
INFO: PIECE : Self BitField before 2103
Apr 11, 2017 4:47:23 PM Log log
INFO: PIECE : Self BitField after 6199
Apr 11, 2017 4:47:23 PM Log log
INFO: Peer Peer@45ee12a7 has downloaded the piece 12 from 1001. Now the number of pieces it has is 7.

Apr 11, 2017 4:47:23 PM Log log
INFO: Requested Piece Number : 3
Apr 11, 2017 4:47:23 PM Log log
INFO: PIECE : piece to set at - 3
Apr 11, 2017 4:47:23 PM Log log
INFO: PIECE : Self BitField before 6199
Apr 11, 2017 4:47:23 PM Log log
INFO: PIECE : Self BitField after 6207
Apr 11, 2017 4:47:23 PM Log log
INFO: Peer Peer@45ee12a7 has downloaded the piece 3 from 1001. Now the number of pieces it has is 8.

Apr 11, 2017 4:47:23 PM Log log
INFO: Requested Piece Number : 7
Apr 11, 2017 4:47:23 PM Log log
INFO: PIECE : piece to set at - 7
Apr 11, 2017 4:47:23 PM Log log
INFO: PIECE : Self BitField before 6207
Apr 11, 2017 4:47:23 PM Log log
INFO: PIECE : Self BitField after 6335
Apr 11, 2017 4:47:23 PM Log log
INFO: Peer Peer@45ee12a7 has downloaded the piece 7 from 1001. Now the number of pieces it has is 9.

Apr 11, 2017 4:47:23 PM Log log
INFO: Requested Piece Number : 9
Apr 11, 2017 4:47:23 PM Log log
INFO: PIECE : piece to set at - 9
Apr 11, 2017 4:47:23 PM Log log
INFO: PIECE : Self BitField before 6335
Apr 11, 2017 4:47:23 PM Log log
INFO: PIECE : Self BitField after 6847
Apr 11, 2017 4:47:23 PM Log log
INFO: Peer Peer@45ee12a7 has downloaded the piece 9 from 1001. Now the number of pieces it has is 10.

Apr 11, 2017 4:47:23 PM Log log
INFO: Requested Piece Number : 10
Apr 11, 2017 4:47:23 PM Log log
INFO: PIECE : piece to set at - 10
Apr 11, 2017 4:47:23 PM Log log
INFO: PIECE : Self BitField before 6847
Apr 11, 2017 4:47:23 PM Log log
INFO: PIECE : Self BitField after 7871
Apr 11, 2017 4:47:23 PM Log log
INFO: Peer Peer@45ee12a7 has downloaded the piece 10 from 1001. Now the number of pieces it has is 11.

Apr 11, 2017 4:47:23 PM Log log
INFO: Requested Piece Number : 13
Apr 11, 2017 4:47:23 PM Log log
INFO: PIECE : piece to set at - 13
Apr 11, 2017 4:47:23 PM Log log
INFO: PIECE : Self BitField before 7871
Apr 11, 2017 4:47:23 PM Log log
INFO: PIECE : Self BitField after 16063
Apr 11, 2017 4:47:23 PM Log log
INFO: Peer Peer@45ee12a7 has downloaded the piece 13 from 1001. Now the number of pieces it has is 12.

Apr 11, 2017 4:47:23 PM Log log
INFO: Requested Piece Number : 6
Apr 11, 2017 4:47:23 PM Log log
INFO: PIECE : piece to set at - 6
Apr 11, 2017 4:47:23 PM Log log
INFO: PIECE : Self BitField before 16063
Apr 11, 2017 4:47:23 PM Log log
INFO: PIECE : Self BitField after 16127
Apr 11, 2017 4:47:23 PM Log log
INFO: Peer Peer@45ee12a7 has downloaded the piece 6 from 1001. Now the number of pieces it has is 13.

Apr 11, 2017 4:47:23 PM Log log
INFO: Requested Piece Number : 8
Apr 11, 2017 4:47:24 PM Log log
INFO: PIECE : piece to set at - 8
Apr 11, 2017 4:47:24 PM Log log
INFO: PIECE : Self BitField before 16127
Apr 11, 2017 4:47:24 PM Log log
INFO: PIECE : Self BitField after 16383
Apr 11, 2017 4:47:24 PM Log log
INFO: Peer Peer@45ee12a7 has downloaded the piece 8 from 1001. Now the number of pieces it has is 14.

Apr 11, 2017 4:47:24 PM Log log
INFO: Requested Piece Number : 14
Apr 11, 2017 4:47:24 PM Log log
INFO: PIECE : piece to set at - 14
Apr 11, 2017 4:47:24 PM Log log
INFO: PIECE : Self BitField before 16383
Apr 11, 2017 4:47:24 PM Log log
INFO: PIECE : Self BitField after 32767
Apr 11, 2017 4:47:24 PM Log log
INFO: Peer Peer@45ee12a7 has downloaded the piece 14 from 1001. Now the number of pieces it has is 15.

Apr 11, 2017 4:47:24 PM Log log
INFO: Requested Piece Number : 15
Apr 11, 2017 4:47:24 PM Log log
INFO: PIECE : piece to set at - 15
Apr 11, 2017 4:47:24 PM Log log
INFO: PIECE : Self BitField before 32767
Apr 11, 2017 4:47:24 PM Log log
INFO: PIECE : Self BitField after 65535
Apr 11, 2017 4:47:24 PM Log log
INFO: Peer Peer@45ee12a7 has downloaded the piece 15 from 1001. Now the number of pieces it has is 16.

Apr 11, 2017 4:47:24 PM Log log
INFO: THIS CLIENT HAS RECIEVED THE FILE
